<?xml version="1.0" encoding="UTF-8"?>
<!-- Generated by org.testng.reporters.JUnitXMLReporter -->
<testsuite hostname="Toshiba-PC" failures="0" tests="1" name="Test" time="0.237" errors="0" timestamp="14 Feb 2021 22:56:51 GMT">
  <testcase classname="com.todos.tests.AddTodoTest" name="@BeforeMethod setupTest" time="0.0">
    <failure type="java.lang.IllegalStateException" message="The driver executable does not exist: C:\Users\Toshiba\eclipse-workspace\workspace\frameworkSeleniumTestNG\src	estesourcesdriverschromedriver.exe">
      <![CDATA[java.lang.IllegalStateException: The driver executable does not exist: C:\Users\Toshiba\eclipse-workspace\workspace\frameworkSeleniumTestNG\src	est
esourcesdriverschromedriver.exe
	at com.google.common.base.Preconditions.checkState(Preconditions.java:585)
	at org.openqa.selenium.remote.service.DriverService.checkExecutable(DriverService.java:137)
	at org.openqa.selenium.remote.service.DriverService.findExecutable(DriverService.java:132)
	at org.openqa.selenium.chrome.ChromeDriverService.access$000(ChromeDriverService.java:35)
	at org.openqa.selenium.chrome.ChromeDriverService$Builder.findDefaultExecutable(ChromeDriverService.java:159)
	at org.openqa.selenium.remote.service.DriverService$Builder.build(DriverService.java:346)
	at org.openqa.selenium.chrome.ChromeDriverService.createDefaultService(ChromeDriverService.java:94)
	at org.openqa.selenium.chrome.ChromeDriver.<init>(ChromeDriver.java:123)
	at com.todos.utils.BasePage.initialization(BasePage.java:35)
	at com.todos.utils.Setup.setupTest(Setup.java:21)
... Removed 26 stack frames]]>
    </failure>
  </testcase> <!-- @BeforeMethod setupTest -->
  <testcase classname="com.todos.tests.AddTodoTest" name="@AfterMethod cleanTest" time="0.0">
    <skipped/>
  </testcase> <!-- @AfterMethod cleanTest -->
  <testcase classname="com.todos.tests.AddTodoTest" name="iCanAddTodo" time="0.004">
    <skipped/>
  </testcase> <!-- iCanAddTodo -->
</testsuite> <!-- Test -->
